<?xml version="1.0" encoding="UTF-8"?>
<!-- Generated by org.testng.reporters.JUnitXMLReporter -->
<testsuite ignored="0" hostname="DESKTOP-OEDJJGO" failures="1" tests="2" name="Test" time="0.301" errors="0" timestamp="2021-07-31T14:19:25 IST">
  <testcase classname="myfirstprgram.listenersum" name="sum" time="0.018"/>
  <testcase classname="myfirstprgram.listenersum" name="testtofail" time="0.01">
    <failure type="java.lang.AssertionError" message="expected [true] but found [false]">
      <![CDATA[java.lang.AssertionError: expected [true] but found [false]
at myfirstprgram.listenersum.testtofail(listenersum.java:21)
at java.base/java.util.ArrayList.forEach(ArrayList.java:1511)
... Removed 31 stack frames]]>
    </failure>
  </testcase> <!-- testtofail -->
</testsuite> <!-- Test -->
