<?xml version="1.0" encoding="UTF-8"?>
<!-- Generated by org.testng.reporters.JUnitXMLReporter -->
<testsuite ignored="0" hostname="DESKTOP-OEDJJGO" failures="0" tests="3" name="Default test" time="0.163" errors="0" timestamp="2021-07-31T14:14:53 IST">
  <testcase classname="myfirstprgram.first" name="Hello" time="0.018"/>
  <testcase classname="myfirstprgram.first" name="Hello1" time="0.003"/>
  <testcase classname="myfirstprgram.first" name="hello2" time="0.003"/>
</testsuite> <!-- Default test -->
