<?xml version="1.0" encoding="UTF-8"?>
<testsuite xmlns:xsi="http://www.w3.org/2001/XMLSchema-instance" xsi:noNamespaceSchemaLocation="https://maven.apache.org/surefire/maven-surefire-plugin/xsd/surefire-test-report-3.0.xsd" version="3.0" name="TestSuite" time="631.563" tests="3" errors="0" skipped="2" failures="1">
  <properties>
[...]
</properties>
  <testcase name="beforeTest" classname="Naukri.comUpdate.profileUpdate" time="630.022">
    <failure message="session not created&#10;from timeout: Timed out receiving message from renderer: 600.000&#10;  (Session info: chrome=91.0.4472.124)&#10;Build info: version: &apos;3.141.59&apos;, revision: &apos;e82be7d358&apos;, time: &apos;2018-11-14T08:17:03&apos;&#10;System info: host: &apos;DESKTOP-OEDJJGO&apos;, ip: &apos;127.0.0.1&apos;, os.name: &apos;Windows 10&apos;, os.arch: &apos;amd64&apos;, os.version: &apos;10.0&apos;, java.version: &apos;16.0.1&apos;&#10;Driver info: driver.version: ChromeDriver&#10;remote stacktrace: Backtrace:&#10;	Ordinal0 [0x007FC013+2474003]&#10;	Ordinal0 [0x007929C1+2042305]&#10;	Ordinal0 [0x006A2F68+1060712]&#10;	Ordinal0 [0x00695652+1005138]&#10;	Ordinal0 [0x00694258+1000024]&#10;	Ordinal0 [0x00693DA5+998821]&#10;	Ordinal0 [0x0069F164+1044836]&#10;	Ordinal0 [0x00693D31+998705]&#10;	Ordinal0 [0x00694FAF+1003439]&#10;	Ordinal0 [0x00694258+1000024]&#10;	Ordinal0 [0x00693DA5+998821]&#10;	Ordinal0 [0x0069CDDA+1035738]&#10;	Ordinal0 [0x00693D31+998705]&#10;	Ordinal0 [0x00694FAF+1003439]&#10;	Ordinal0 [0x00694258+1000024]&#10;	Ordinal0 [0x00693DA5+998821]&#10;	Ordinal0 [0x0069A929+1026345]&#10;	Ordinal0 [0x00693D31+998705]&#10;	Ordinal0 [0x00694FAF+1003439]&#10;	Ordinal0 [0x00694258+1000024]&#10;	Ordinal0 [0x00693DA5+998821]&#10;	Ordinal0 [0x00699DBC+1023420]&#10;	Ordinal0 [0x00693D31+998705]&#10;	Ordinal0 [0x00694FAF+1003439]&#10;	Ordinal0 [0x00694258+1000024]&#10;	Ordinal0 [0x00693DA5+998821]&#10;	Ordinal0 [0x0068FA5D+981597]&#10;	Ordinal0 [0x00693D31+998705]&#10;	Ordinal0 [0x00693A85+998021]&#10;	Ordinal0 [0x00693829+997417]&#10;	Ordinal0 [0x006A4090+1065104]&#10;	Ordinal0 [0x006EB798+1357720]&#10;	Ordinal0 [0x006E8FAA+1347498]&#10;	Ordinal0 [0x006E66DB+1337051]&#10;	Ordinal0 [0x006C3427+1192999]&#10;	Ordinal0 [0x006C42EE+1196782]&#10;	Ordinal0 [0x006C4279+1196665]&#10;	GetHandleVerifier [0x009896FC+1590332]&#10;	GetHandleVerifier [0x00A38614+2306900]&#10;	GetHandleVerifier [0x00889E93+543699]&#10;	GetHandleVerifier [0x008892CE+540686]&#10;	Ordinal0 [0x007986BA+2066106]&#10;	Ordinal0 [0x0079D1C8+2085320]&#10;	Ordinal0 [0x0079D308+2085640]&#10;	Ordinal0 [0x007A67F3+2123763]&#10;	BaseThreadInitThunk [0x76CCFA29+25]&#10;	RtlGetAppContainerNamedObjectPath [0x77E07A7E+286]&#10;	RtlGetAppContainerNamedObjectPath [0x77E07A4E+238]&#10;" type="org.openqa.selenium.SessionNotCreatedException"><![CDATA[org.openqa.selenium.SessionNotCreatedException: 
session not created
from timeout: Timed out receiving message from renderer: 600.000
  (Session info: chrome=91.0.4472.124)
Build info: version: '3.141.59', revision: 'e82be7d358', time: '2018-11-14T08:17:03'
System info: host: 'DESKTOP-OEDJJGO', ip: '127.0.0.1', os.name: 'Windows 10', os.arch: 'amd64', os.version: '10.0', java.version: '16.0.1'
Driver info: driver.version: ChromeDriver
remote stacktrace: Backtrace:
	Ordinal0 [0x007FC013+2474003]
	Ordinal0 [0x007929C1+2042305]
	Ordinal0 [0x006A2F68+1060712]
	Ordinal0 [0x00695652+1005138]
	Ordinal0 [0x00694258+1000024]
	Ordinal0 [0x00693DA5+998821]
	Ordinal0 [0x0069F164+1044836]
	Ordinal0 [0x00693D31+998705]
	Ordinal0 [0x00694FAF+1003439]
	Ordinal0 [0x00694258+1000024]
	Ordinal0 [0x00693DA5+998821]
	Ordinal0 [0x0069CDDA+1035738]
	Ordinal0 [0x00693D31+998705]
	Ordinal0 [0x00694FAF+1003439]
	Ordinal0 [0x00694258+1000024]
	Ordinal0 [0x00693DA5+998821]
	Ordinal0 [0x0069A929+1026345]
	Ordinal0 [0x00693D31+998705]
	Ordinal0 [0x00694FAF+1003439]
	Ordinal0 [0x00694258+1000024]
	Ordinal0 [0x00693DA5+998821]
	Ordinal0 [0x00699DBC+1023420]
	Ordinal0 [0x00693D31+998705]
	Ordinal0 [0x00694FAF+1003439]
	Ordinal0 [0x00694258+1000024]
	Ordinal0 [0x00693DA5+998821]
	Ordinal0 [0x0068FA5D+981597]
	Ordinal0 [0x00693D31+998705]
	Ordinal0 [0x00693A85+998021]
	Ordinal0 [0x00693829+997417]
	Ordinal0 [0x006A4090+1065104]
	Ordinal0 [0x006EB798+1357720]
	Ordinal0 [0x006E8FAA+1347498]
	Ordinal0 [0x006E66DB+1337051]
	Ordinal0 [0x006C3427+1192999]
	Ordinal0 [0x006C42EE+1196782]
	Ordinal0 [0x006C4279+1196665]
	GetHandleVerifier [0x009896FC+1590332]
	GetHandleVerifier [0x00A38614+2306900]
	GetHandleVerifier [0x00889E93+543699]
	GetHandleVerifier [0x008892CE+540686]
	Ordinal0 [0x007986BA+2066106]
	Ordinal0 [0x0079D1C8+2085320]
	Ordinal0 [0x0079D308+2085640]
	Ordinal0 [0x007A67F3+2123763]
	BaseThreadInitThunk [0x76CCFA29+25]
	RtlGetAppContainerNamedObjectPath [0x77E07A7E+286]
	RtlGetAppContainerNamedObjectPath [0x77E07A4E+238]

	at Naukri.comUpdate.profileUpdate.beforeTest(profileUpdate.java:52)
]]></failure>
    <system-err><![CDATA[Starting ChromeDriver 90.0.4430.24 (4c6d850f087da467d926e8eddb76550aed655991-refs/branch-heads/4430@{#429}) on port 15458
Only local connections are allowed.
Please see https://chromedriver.chromium.org/security-considerations for suggestions on keeping ChromeDriver safe.
ChromeDriver was started successfully.
[1626665807.490][WARNING]: This version of ChromeDriver has not been tested with Chrome version 91.
[1626666409.758][SEVERE]: Timed out receiving message from renderer: 600.000
]]></system-err>
  </testcase>
  <testcase name="NaukriLogin" classname="Naukri.comUpdate.profileUpdate" time="0">
    <skipped message="session not created&#10;from timeout: Timed out receiving message from renderer: 600.000&#10;  (Session info: chrome=91.0.4472.124)&#10;Build info: version: &apos;3.141.59&apos;, revision: &apos;e82be7d358&apos;, time: &apos;2018-11-14T08:17:03&apos;&#10;System info: host: &apos;DESKTOP-OEDJJGO&apos;, ip: &apos;127.0.0.1&apos;, os.name: &apos;Windows 10&apos;, os.arch: &apos;amd64&apos;, os.version: &apos;10.0&apos;, java.version: &apos;16.0.1&apos;&#10;Driver info: driver.version: ChromeDriver&#10;remote stacktrace: Backtrace:&#10;	Ordinal0 [0x007FC013+2474003]&#10;	Ordinal0 [0x007929C1+2042305]&#10;	Ordinal0 [0x006A2F68+1060712]&#10;	Ordinal0 [0x00695652+1005138]&#10;	Ordinal0 [0x00694258+1000024]&#10;	Ordinal0 [0x00693DA5+998821]&#10;	Ordinal0 [0x0069F164+1044836]&#10;	Ordinal0 [0x00693D31+998705]&#10;	Ordinal0 [0x00694FAF+1003439]&#10;	Ordinal0 [0x00694258+1000024]&#10;	Ordinal0 [0x00693DA5+998821]&#10;	Ordinal0 [0x0069CDDA+1035738]&#10;	Ordinal0 [0x00693D31+998705]&#10;	Ordinal0 [0x00694FAF+1003439]&#10;	Ordinal0 [0x00694258+1000024]&#10;	Ordinal0 [0x00693DA5+998821]&#10;	Ordinal0 [0x0069A929+1026345]&#10;	Ordinal0 [0x00693D31+998705]&#10;	Ordinal0 [0x00694FAF+1003439]&#10;	Ordinal0 [0x00694258+1000024]&#10;	Ordinal0 [0x00693DA5+998821]&#10;	Ordinal0 [0x00699DBC+1023420]&#10;	Ordinal0 [0x00693D31+998705]&#10;	Ordinal0 [0x00694FAF+1003439]&#10;	Ordinal0 [0x00694258+1000024]&#10;	Ordinal0 [0x00693DA5+998821]&#10;	Ordinal0 [0x0068FA5D+981597]&#10;	Ordinal0 [0x00693D31+998705]&#10;	Ordinal0 [0x00693A85+998021]&#10;	Ordinal0 [0x00693829+997417]&#10;	Ordinal0 [0x006A4090+1065104]&#10;	Ordinal0 [0x006EB798+1357720]&#10;	Ordinal0 [0x006E8FAA+1347498]&#10;	Ordinal0 [0x006E66DB+1337051]&#10;	Ordinal0 [0x006C3427+1192999]&#10;	Ordinal0 [0x006C42EE+1196782]&#10;	Ordinal0 [0x006C4279+1196665]&#10;	GetHandleVerifier [0x009896FC+1590332]&#10;	GetHandleVerifier [0x00A38614+2306900]&#10;	GetHandleVerifier [0x00889E93+543699]&#10;	GetHandleVerifier [0x008892CE+540686]&#10;	Ordinal0 [0x007986BA+2066106]&#10;	Ordinal0 [0x0079D1C8+2085320]&#10;	Ordinal0 [0x0079D308+2085640]&#10;	Ordinal0 [0x007A67F3+2123763]&#10;	BaseThreadInitThunk [0x76CCFA29+25]&#10;	RtlGetAppContainerNamedObjectPath [0x77E07A7E+286]&#10;	RtlGetAppContainerNamedObjectPath [0x77E07A4E+238]&#10;"/>
  </testcase>
  <testcase name="afterTest" classname="Naukri.comUpdate.profileUpdate" time="0">
    <skipped/>
  </testcase>
</testsuite>