<?xml version="1.0" encoding="UTF-8"?>
<!-- Generated by org.testng.reporters.JUnitXMLReporter -->
<testsuite ignored="3" hostname="DESKTOP-OEDJJGO" failures="0" tests="1" name="includetest1" time="0.024" errors="0" timestamp="2021-07-31T14:17:51 IST">
  <testcase classname="myfirstprgram.includetest" name="test3" time="0.004"/>
  <testcase classname="myfirstprgram.includetest" name="test1" time="0.0">
    <ignored/>
  </testcase> <!-- test1 -->
  <testcase classname="myfirstprgram.includetest" name="test4" time="0.0">
    <ignored/>
  </testcase> <!-- test4 -->
  <testcase classname="myfirstprgram.includetest" name="test2" time="0.0">
    <ignored/>
  </testcase> <!-- test2 -->
</testsuite> <!-- includetest1 -->
