<?xml version="1.0" encoding="UTF-8"?>
<!-- Generated by org.testng.reporters.JUnitXMLReporter -->
<testsuite ignored="0" hostname="DESKTOP-OEDJJGO" failures="0" tests="4" name="Test" time="61.993" errors="0" timestamp="2021-07-18T02:38:16 IST">
  <testcase classname="ExtendReports.POM3Test" name="pom3" time="0.006"/>
  <testcase classname="ExtendReports.POMTest" name="pom" time="0.001"/>
  <testcase classname="ExtendReports.POM2Test" name="pom2" time="0.001"/>
  <testcase classname="ExtendReports.ExtendReports" name="initialDemo" time="60.301"/>
</testsuite> <!-- Test -->
