<?xml version="1.0" encoding="UTF-8"?>
<testng-results ignored="0" total="4" passed="4" failed="0" skipped="0">
  <reporter-output>
  </reporter-output>
  <suite started-at="2021-07-18T02:37:13 IST" name="Suite" finished-at="2021-07-18T02:38:15 IST" duration-ms="61993">
    <groups>
    </groups>
    <test started-at="2021-07-18T02:37:13 IST" name="Test" finished-at="2021-07-18T02:38:15 IST" duration-ms="61993">
      <class name="ExtendReports.POM3Test">
        <test-method signature="pom3()[pri:0, instance:ExtendReports.POM3Test@69930714]" started-at="2021-07-18T02:37:15 IST" name="pom3" finished-at="2021-07-18T02:37:15 IST" duration-ms="6" status="PASS">
          <reporter-output>
          </reporter-output>
        </test-method> <!-- pom3 -->
      </class> <!-- ExtendReports.POM3Test -->
      <class name="ExtendReports.POM2Test">
        <test-method signature="pom2()[pri:0, instance:ExtendReports.POM2Test@6b4a4e18]" started-at="2021-07-18T02:37:15 IST" name="pom2" finished-at="2021-07-18T02:37:15 IST" duration-ms="1" status="PASS">
          <reporter-output>
          </reporter-output>
        </test-method> <!-- pom2 -->
      </class> <!-- ExtendReports.POM2Test -->
      <class name="ExtendReports.ExtendReports">
        <test-method is-config="true" signature="config()[pri:0, instance:ExtendReports.ExtendReports@3901d134]" started-at="2021-07-18T02:37:13 IST" name="config" finished-at="2021-07-18T02:37:15 IST" duration-ms="1329" status="PASS">
          <reporter-output>
          </reporter-output>
        </test-method> <!-- config -->
        <test-method signature="initialDemo()[pri:0, instance:ExtendReports.ExtendReports@3901d134]" started-at="2021-07-18T02:37:15 IST" name="initialDemo" finished-at="2021-07-18T02:38:15 IST" duration-ms="60301" status="PASS">
          <reporter-output>
          </reporter-output>
        </test-method> <!-- initialDemo -->
      </class> <!-- ExtendReports.ExtendReports -->
      <class name="ExtendReports.POMTest">
        <test-method signature="pom()[pri:0, instance:ExtendReports.POMTest@78b729e6]" started-at="2021-07-18T02:37:15 IST" name="pom" finished-at="2021-07-18T02:37:15 IST" duration-ms="1" status="PASS">
          <reporter-output>
          </reporter-output>
        </test-method> <!-- pom -->
      </class> <!-- ExtendReports.POMTest -->
    </test> <!-- Test -->
  </suite> <!-- Suite -->
</testng-results>
