<?xml version="1.0" encoding="UTF-8"?>
<testsuite xmlns:xsi="http://www.w3.org/2001/XMLSchema-instance" xsi:noNamespaceSchemaLocation="https://maven.apache.org/surefire/maven-surefire-plugin/xsd/surefire-test-report-3.0.xsd" version="3.0" name="TestSuite" time="85.624" tests="4" errors="0" skipped="0" failures="0">
  <properties>
[...]
</properties>
  <testcase name="pom3" classname="ExtendReports.POM3Test" time="1.409">
    <system-out><![CDATA[Testing POM Execution
]]></system-out>
  </testcase>
  <testcase name="pom" classname="ExtendReports.POMTest" time="1.32">
    <system-out><![CDATA[*
*
*
*
*
]]></system-out>
  </testcase>
  <testcase name="pom2" classname="ExtendReports.POM2Test" time="0.929">
    <system-out><![CDATA[**
**
**
**
**
]]></system-out>
  </testcase>
  <testcase name="initialDemo" classname="ExtendReports.ExtendReports" time="76.717">
    <system-out><![CDATA[Rahul Shetty Academy
]]></system-out>
    <system-err><![CDATA[Starting ChromeDriver 90.0.4430.24 (4c6d850f087da467d926e8eddb76550aed655991-refs/branch-heads/4430@{#429}) on port 39376
Only local connections are allowed.
Please see https://chromedriver.chromium.org/security-considerations for suggestions on keeping ChromeDriver safe.
ChromeDriver was started successfully.
[1626556047.437][WARNING]: This version of ChromeDriver has not been tested with Chrome version 91.
Jul 18, 2021 2:37:30 AM org.openqa.selenium.remote.ProtocolHandshake createSession
INFO: Detected dialect: W3C
]]></system-err>
  </testcase>
</testsuite>