<?xml version="1.0" encoding="UTF-8"?>
<!-- Generated by org.testng.reporters.JUnitXMLReporter -->
<testsuite ignored="0" hostname="DESKTOP-OEDJJGO" failures="1" tests="1" name="Test" time="39.373" errors="0" timestamp="12 Jul 2021 10:49:59 GMT">
  <testcase classname="DataIngestors.InnsightLogin" name="INNSIGHTLogin" time="0.0">
    <failure type="org.testng.TestNGException" message="
Cannot inject @Test annotated Method [INNSIGHTLogin] with [class java.lang.String].
For more information on native dependency injection please refer to http://testng.org/doc/documentation-main.html#native-dependency-injection">
      <![CDATA[org.testng.TestNGException: 
Cannot inject @Test annotated Method [INNSIGHTLogin] with [class java.lang.String].
For more information on native dependency injection please refer to http://testng.org/doc/documentation-main.html#native-dependency-injection
... Removed 24 stack frames]]>
    </failure>
  </testcase> <!-- INNSIGHTLogin -->
</testsuite> <!-- Test -->
