<?xml version="1.0" encoding="UTF-8"?>
<!-- Generated by org.testng.reporters.JUnitXMLReporter -->
<testsuite hostname="DESKTOP-OEDJJGO" ignored="0" name="Test" tests="3" failures="0" timestamp="2021-01-05T13:11:13 IST" time="83.169" errors="0">
  <testcase name="AuthshieldLogin" time="34.86" classname="login.Authlogin"/>
  <testcase name="AuthshieldLogin" time="20.589" classname="login.Authlogin"/>
  <testcase name="ldapimp" time="27.565" classname="login.Adimport"/>
</testsuite> <!-- Test -->
