<?xml version="1.0" encoding="UTF-8"?>
<testng-results ignored="0" total="2" passed="1" failed="1" skipped="0">
  <reporter-output>
  </reporter-output>
  <suite started-at="2021-07-26T19:42:55 IST" name="Default suite" finished-at="2021-07-26T19:45:53 IST" duration-ms="178339">
    <groups>
    </groups>
    <test started-at="2021-07-26T19:42:55 IST" name="Default test" finished-at="2021-07-26T19:45:53 IST" duration-ms="178339">
      <class name="DataIngestors.test001supportCrawlingandScraping">
        <test-method is-config="true" signature="Setup()[pri:0, instance:DataIngestors.test001supportCrawlingandScraping@7ca20101]" started-at="2021-07-26T19:42:55 IST" name="Setup" finished-at="2021-07-26T19:43:05 IST" duration-ms="10450" status="PASS">
          <reporter-output>
          </reporter-output>
        </test-method> <!-- Setup -->
        <test-method signature="INNSIGHTLogin()[pri:0, instance:DataIngestors.test001supportCrawlingandScraping@7ca20101]" started-at="2021-07-26T19:43:05 IST" name="INNSIGHTLogin" finished-at="2021-07-26T19:43:41 IST" duration-ms="35753" status="PASS">
          <reporter-output>
          </reporter-output>
        </test-method> <!-- INNSIGHTLogin -->
        <test-method is-config="true" signature="Close()[pri:0, instance:DataIngestors.test001supportCrawlingandScraping@7ca20101]" started-at="2021-07-26T19:43:41 IST" name="Close" finished-at="2021-07-26T19:43:42 IST" duration-ms="862" status="PASS">
          <reporter-output>
          </reporter-output>
        </test-method> <!-- Close -->
        <test-method is-config="true" signature="Setup()[pri:0, instance:DataIngestors.test001supportCrawlingandScraping@7ca20101]" started-at="2021-07-26T19:43:42 IST" name="Setup" finished-at="2021-07-26T19:43:49 IST" duration-ms="7391" status="PASS">
          <reporter-output>
          </reporter-output>
        </test-method> <!-- Setup -->
        <test-method signature="supportCrawlingandScraping()[pri:0, instance:DataIngestors.test001supportCrawlingandScraping@7ca20101]" started-at="2021-07-26T19:43:49 IST" name="supportCrawlingandScraping" finished-at="2021-07-26T19:45:50 IST" duration-ms="120869" status="FAIL">
          <exception class="org.openqa.selenium.NoSuchElementException">
            <message>
              <![CDATA[no such element: Unable to locate element: {"method":"xpath","selector":"/html/body/form/div/header/div[2]/ul/li[13]/a"}
  (Session info: chrome=91.0.4472.164)
For documentation on this error, please visit: https://www.seleniumhq.org/exceptions/no_such_element.html
Build info: version: '3.141.59', revision: 'e82be7d358', time: '2018-11-14T08:17:03'
System info: host: 'DESKTOP-OEDJJGO', ip: '172.16.10.4', os.name: 'Windows 10', os.arch: 'amd64', os.version: '10.0', java.version: '16.0.1'
Driver info: org.openqa.selenium.chrome.ChromeDriver
Capabilities {acceptInsecureCerts: true, browserName: chrome, browserVersion: 91.0.4472.164, chrome: {chromedriverVersion: 91.0.4472.101 (af52a90bf870..., userDataDir: C:\Users\HP\AppData\Local\T...}, goog:chromeOptions: {debuggerAddress: localhost:57871}, javascriptEnabled: true, networkConnectionEnabled: false, pageLoadStrategy: normal, platform: WINDOWS, platformName: WINDOWS, proxy: Proxy(), setWindowRect: true, strictFileInteractability: false, timeouts: {implicit: 0, pageLoad: 300000, script: 30000}, unhandledPromptBehavior: dismiss and notify, webauthn:extension:largeBlob: true, webauthn:virtualAuthenticators: true}
Session ID: 7a53c50fd5d420a9707505b4a5fbddcc
*** Element info: {Using=xpath, value=/html/body/form/div/header/div[2]/ul/li[13]/a}]]>
            </message>
            <full-stacktrace>
              <![CDATA[org.openqa.selenium.NoSuchElementException: no such element: Unable to locate element: {"method":"xpath","selector":"/html/body/form/div/header/div[2]/ul/li[13]/a"}
  (Session info: chrome=91.0.4472.164)
For documentation on this error, please visit: https://www.seleniumhq.org/exceptions/no_such_element.html
Build info: version: '3.141.59', revision: 'e82be7d358', time: '2018-11-14T08:17:03'
System info: host: 'DESKTOP-OEDJJGO', ip: '172.16.10.4', os.name: 'Windows 10', os.arch: 'amd64', os.version: '10.0', java.version: '16.0.1'
Driver info: org.openqa.selenium.chrome.ChromeDriver
Capabilities {acceptInsecureCerts: true, browserName: chrome, browserVersion: 91.0.4472.164, chrome: {chromedriverVersion: 91.0.4472.101 (af52a90bf870..., userDataDir: C:\Users\HP\AppData\Local\T...}, goog:chromeOptions: {debuggerAddress: localhost:57871}, javascriptEnabled: true, networkConnectionEnabled: false, pageLoadStrategy: normal, platform: WINDOWS, platformName: WINDOWS, proxy: Proxy(), setWindowRect: true, strictFileInteractability: false, timeouts: {implicit: 0, pageLoad: 300000, script: 30000}, unhandledPromptBehavior: dismiss and notify, webauthn:extension:largeBlob: true, webauthn:virtualAuthenticators: true}
Session ID: 7a53c50fd5d420a9707505b4a5fbddcc
*** Element info: {Using=xpath, value=/html/body/form/div/header/div[2]/ul/li[13]/a}
at java.base/jdk.internal.reflect.NativeConstructorAccessorImpl.newInstance0(Native Method)
at java.base/jdk.internal.reflect.NativeConstructorAccessorImpl.newInstance(NativeConstructorAccessorImpl.java:78)
at java.base/jdk.internal.reflect.DelegatingConstructorAccessorImpl.newInstance(DelegatingConstructorAccessorImpl.java:45)
at java.base/java.lang.reflect.Constructor.newInstanceWithCaller(Constructor.java:499)
at java.base/java.lang.reflect.Constructor.newInstance(Constructor.java:480)
at org.openqa.selenium.remote.http.W3CHttpResponseCodec.createException(W3CHttpResponseCodec.java:187)
at org.openqa.selenium.remote.http.W3CHttpResponseCodec.decode(W3CHttpResponseCodec.java:122)
at org.openqa.selenium.remote.http.W3CHttpResponseCodec.decode(W3CHttpResponseCodec.java:49)
at org.openqa.selenium.remote.HttpCommandExecutor.execute(HttpCommandExecutor.java:158)
at org.openqa.selenium.remote.service.DriverCommandExecutor.execute(DriverCommandExecutor.java:83)
at org.openqa.selenium.remote.RemoteWebDriver.execute(RemoteWebDriver.java:552)
at org.openqa.selenium.remote.RemoteWebDriver.findElement(RemoteWebDriver.java:323)
at org.openqa.selenium.remote.RemoteWebDriver.findElementByXPath(RemoteWebDriver.java:428)
at org.openqa.selenium.By$ByXPath.findElement(By.java:353)
at org.openqa.selenium.remote.RemoteWebDriver.findElement(RemoteWebDriver.java:315)
at DataIngestors.test001supportCrawlingandScraping.supportCrawlingandScraping(test001supportCrawlingandScraping.java:22)
at java.base/jdk.internal.reflect.NativeMethodAccessorImpl.invoke0(Native Method)
at java.base/jdk.internal.reflect.NativeMethodAccessorImpl.invoke(NativeMethodAccessorImpl.java:78)
at java.base/jdk.internal.reflect.DelegatingMethodAccessorImpl.invoke(DelegatingMethodAccessorImpl.java:43)
at java.base/java.lang.reflect.Method.invoke(Method.java:567)
at org.testng.internal.MethodInvocationHelper.invokeMethod(MethodInvocationHelper.java:133)
at org.testng.internal.TestInvoker.invokeMethod(TestInvoker.java:598)
at org.testng.internal.TestInvoker.invokeTestMethod(TestInvoker.java:173)
at org.testng.internal.MethodRunner.runInSequence(MethodRunner.java:46)
at org.testng.internal.TestInvoker$MethodInvocationAgent.invoke(TestInvoker.java:824)
at org.testng.internal.TestInvoker.invokeTestMethods(TestInvoker.java:146)
at org.testng.internal.TestMethodWorker.invokeTestMethods(TestMethodWorker.java:146)
at org.testng.internal.TestMethodWorker.run(TestMethodWorker.java:128)
at java.base/java.util.ArrayList.forEach(ArrayList.java:1511)
at org.testng.TestRunner.privateRun(TestRunner.java:794)
at org.testng.TestRunner.run(TestRunner.java:596)
at org.testng.SuiteRunner.runTest(SuiteRunner.java:377)
at org.testng.SuiteRunner.runSequentially(SuiteRunner.java:371)
at org.testng.SuiteRunner.privateRun(SuiteRunner.java:332)
at org.testng.SuiteRunner.run(SuiteRunner.java:276)
at org.testng.SuiteRunnerWorker.runSuite(SuiteRunnerWorker.java:53)
at org.testng.SuiteRunnerWorker.run(SuiteRunnerWorker.java:96)
at org.testng.TestNG.runSuitesSequentially(TestNG.java:1212)
at org.testng.TestNG.runSuitesLocally(TestNG.java:1134)
at org.testng.TestNG.runSuites(TestNG.java:1063)
at org.testng.TestNG.run(TestNG.java:1031)
at org.testng.remote.AbstractRemoteTestNG.run(AbstractRemoteTestNG.java:115)
at org.testng.remote.RemoteTestNG.initAndRun(RemoteTestNG.java:251)
at org.testng.remote.RemoteTestNG.main(RemoteTestNG.java:77)
]]>
            </full-stacktrace>
          </exception> <!-- org.openqa.selenium.NoSuchElementException -->
          <reporter-output>
          </reporter-output>
        </test-method> <!-- supportCrawlingandScraping -->
        <test-method is-config="true" signature="Close()[pri:0, instance:DataIngestors.test001supportCrawlingandScraping@7ca20101]" started-at="2021-07-26T19:45:50 IST" name="Close" finished-at="2021-07-26T19:45:53 IST" duration-ms="2883" status="PASS">
          <reporter-output>
          </reporter-output>
        </test-method> <!-- Close -->
      </class> <!-- DataIngestors.test001supportCrawlingandScraping -->
    </test> <!-- Default test -->
  </suite> <!-- Default suite -->
</testng-results>
