<?xml version="1.0" encoding="UTF-8"?>
<testng-results total="1" passed="1" failed="0" skipped="0">
  <reporter-output>
  </reporter-output>
  <suite started-at="2021-06-21T18:53:10Z" name="Default suite" finished-at="2021-06-21T18:54:41Z" duration-ms="90896">
    <groups>
    </groups>
    <test started-at="2021-06-21T18:53:10Z" name="Default test" finished-at="2021-06-21T18:54:41Z" duration-ms="90896">
      <class name="Naukri.comUpdate.profileUpdate">
        <test-method is-config="true" signature="beforeTest()[pri:0, instance:Naukri.comUpdate.profileUpdate@2dc54ad4]" started-at="2021-06-22T00:23:10Z" name="beforeTest" finished-at="2021-06-22T00:23:44Z" duration-ms="34110" status="PASS">
          <reporter-output>
          </reporter-output>
        </test-method> <!-- beforeTest -->
        <test-method signature="NaukriLogin()[pri:0, instance:Naukri.comUpdate.profileUpdate@2dc54ad4]" started-at="2021-06-22T00:23:44Z" name="NaukriLogin" finished-at="2021-06-22T00:24:37Z" duration-ms="52278" status="PASS">
          <reporter-output>
          </reporter-output>
        </test-method> <!-- NaukriLogin -->
        <test-method is-config="true" signature="afterTest()[pri:0, instance:Naukri.comUpdate.profileUpdate@2dc54ad4]" started-at="2021-06-22T00:24:37Z" name="afterTest" finished-at="2021-06-22T00:24:41Z" duration-ms="4251" status="PASS">
          <reporter-output>
          </reporter-output>
        </test-method> <!-- afterTest -->
      </class> <!-- Naukri.comUpdate.profileUpdate -->
    </test> <!-- Default test -->
  </suite> <!-- Default suite -->
</testng-results>
